<?xml version="1.0" encoding="UTF-8"?>
<!-- Generated by org.testng.reporters.JUnitReportReporter -->
<testsuite hostname="DESKTOP-10EHJGB" failures="0" tests="1" name="testCase.TC_AcctReg" time="49.525" errors="0" timestamp="2024-12-05T17:49:09 IST" skipped="0">
  <testcase classname="testCase.TC_AcctReg" name="opnReg" time="49.525"/>
</testsuite> <!-- testCase.TC_AcctReg -->
