<?xml version="1.0" encoding="UTF-8"?>
<!-- Generated by org.testng.reporters.JUnitReportReporter -->
<testsuite hostname="DESKTOP-10EHJGB" failures="0" tests="1" name="testBase.TC_AcctReg" time="19.121" errors="0" timestamp="2024-11-10T17:42:14 IST" skipped="0">
  <testcase classname="testBase.TC_AcctReg" name="opnReg" time="19.121"/>
</testsuite> <!-- testBase.TC_AcctReg -->
