<?xml version="1.0" encoding="UTF-8"?>
<!-- Generated by org.testng.reporters.JUnitReportReporter -->
<testsuite hostname="DESKTOP-10EHJGB" failures="0" tests="1" name="testCase.TC_Login" time="12.958" errors="0" timestamp="2024-12-04T11:55:17 IST" skipped="0">
  <testcase classname="testCase.TC_Login" name="opnLoginpage" time="12.958"/>
</testsuite> <!-- testCase.TC_Login -->
